Base path: 'C:/Program Files/Unity/Hub/Editor/2019.4.10f1/Editor/Data', plugins path 'C:/Program Files/Unity/Hub/Editor/2019.4.10f1/Editor/Data/PlaybackEngines'
Cmd: initializeCompiler
Cmd: preprocessCompute
  insize=7131 outsize=7133 ok=1
Cmd: preprocessCompute
  insize=7380 outsize=7382 ok=1
Cmd: preprocess
  insize=39646 outsize=618 ok=1
Cmd: preprocessCompute
  insize=6449 outsize=6451 ok=1
Cmd: preprocessCompute
  insize=6895 outsize=6897 ok=1
Cmd: preprocess
  insize=38692 outsize=630 ok=1
Cmd: preprocessCompute
  insize=6925 outsize=6927 ok=1
Cmd: preprocessCompute
  insize=5776 outsize=5778 ok=1
Cmd: preprocess
  insize=38789 outsize=618 ok=1
Cmd: preprocessCompute
  insize=1969 outsize=1971 ok=1
Cmd: preprocessCompute
  insize=7131 outsize=7133 ok=1
Cmd: preprocessCompute
  insize=7380 outsize=7382 ok=1
Cmd: preprocess
  insize=39646 outsize=618 ok=1
Cmd: preprocessCompute
  insize=6449 outsize=6451 ok=1
Cmd: preprocessCompute
  insize=6895 outsize=6897 ok=1
Cmd: preprocess
  insize=38692 outsize=630 ok=1
Cmd: preprocessCompute
  insize=6925 outsize=6927 ok=1
Cmd: preprocessCompute
  insize=5776 outsize=5778 ok=1
Cmd: preprocess
  insize=38789 outsize=618 ok=1
Cmd: preprocessCompute
  insize=1969 outsize=1971 ok=1
Cmd: preprocessCompute
  insize=7079 outsize=7081 ok=1
Cmd: preprocessCompute
  insize=7350 outsize=7352 ok=1
Cmd: preprocess
  insize=39646 outsize=618 ok=1
Cmd: preprocessCompute
  insize=6441 outsize=6443 ok=1
Cmd: preprocessCompute
  insize=6888 outsize=6890 ok=1
Cmd: preprocess
  insize=38692 outsize=630 ok=1
Cmd: preprocessCompute
  insize=6927 outsize=6929 ok=1
Cmd: preprocessCompute
  insize=5776 outsize=5778 ok=1
Cmd: preprocess
  insize=38789 outsize=618 ok=1
Cmd: preprocessCompute
  insize=1969 outsize=1971 ok=1
Cmd: preprocessCompute
  insize=7131 outsize=7133 ok=1
Cmd: preprocessCompute
  insize=7380 outsize=7382 ok=1
Cmd: preprocess
  insize=39646 outsize=618 ok=1
Cmd: preprocessCompute
  insize=6449 outsize=6451 ok=1
Cmd: preprocessCompute
  insize=6895 outsize=6897 ok=1
Cmd: preprocess
  insize=38692 outsize=630 ok=1
Cmd: preprocessCompute
  insize=6925 outsize=6927 ok=1
Cmd: preprocessCompute
  insize=5776 outsize=5778 ok=1
Cmd: preprocess
  insize=38789 outsize=618 ok=1
Cmd: preprocessCompute
  insize=1969 outsize=1971 ok=1
Cmd: preprocessCompute
  insize=6434 outsize=6436 ok=1
Cmd: preprocessCompute
  insize=5804 outsize=5806 ok=1
Cmd: preprocess
  insize=40461 outsize=618 ok=1
Cmd: preprocessCompute
  insize=6523 outsize=6525 ok=1
Cmd: preprocessCompute
  insize=5804 outsize=5806 ok=1
Cmd: preprocess
  insize=40461 outsize=618 ok=1
Cmd: preprocessCompute
  insize=7242 outsize=7244 ok=1
Cmd: preprocessCompute
  insize=6842 outsize=6844 ok=1
Cmd: preprocess
  insize=38601 outsize=618 ok=1
Cmd: preprocessCompute
  insize=7748 outsize=7750 ok=1
Cmd: preprocessCompute
  insize=6196 outsize=6198 ok=1
Cmd: preprocess
  insize=38615 outsize=618 ok=1
Cmd: preprocessCompute
  insize=7131 outsize=7133 ok=1
Cmd: preprocessCompute
  insize=7380 outsize=7382 ok=1
Cmd: preprocess
  insize=39646 outsize=618 ok=1
Cmd: preprocessCompute
  insize=6449 outsize=6451 ok=1
Cmd: preprocessCompute
  insize=6895 outsize=6897 ok=1
Cmd: preprocess
  insize=38692 outsize=630 ok=1
Cmd: preprocessCompute
  insize=6925 outsize=6927 ok=1
Cmd: preprocessCompute
  insize=5776 outsize=5778 ok=1
Cmd: preprocess
  insize=38789 outsize=618 ok=1
Cmd: preprocessCompute
  insize=1969 outsize=1971 ok=1
Cmd: preprocessCompute
  insize=6523 outsize=6525 ok=1
Cmd: preprocessCompute
  insize=5804 outsize=5806 ok=1
Cmd: preprocess
  insize=40461 outsize=618 ok=1
Cmd: preprocessCompute
  insize=7242 outsize=7244 ok=1
Cmd: preprocessCompute
  insize=6842 outsize=6844 ok=1
Cmd: preprocess
  insize=38601 outsize=618 ok=1
Cmd: preprocessCompute
  insize=7748 outsize=7750 ok=1
Cmd: preprocessCompute
  insize=6196 outsize=6198 ok=1
Cmd: preprocess
  insize=38615 outsize=618 ok=1
Cmd: preprocessCompute
  insize=7242 outsize=7244 ok=1
Cmd: preprocessCompute
  insize=6842 outsize=6844 ok=1
Cmd: preprocess
  insize=38601 outsize=618 ok=1
Cmd: preprocessCompute
  insize=7748 outsize=7750 ok=1
Cmd: preprocessCompute
  insize=6196 outsize=6198 ok=1
Cmd: preprocess
  insize=38615 outsize=618 ok=1
Cmd: preprocessCompute
  insize=7224 outsize=7226 ok=1
Cmd: preprocessCompute
  insize=6842 outsize=6844 ok=1
Cmd: preprocess
  insize=38601 outsize=618 ok=1
Cmd: preprocessCompute
  insize=7696 outsize=7698 ok=1
Cmd: preprocessCompute
  insize=6243 outsize=6245 ok=1
Cmd: preprocess
  insize=38615 outsize=618 ok=1
Cmd: preprocessCompute
  insize=7079 outsize=7081 ok=1
Cmd: preprocessCompute
  insize=7350 outsize=7352 ok=1
Cmd: preprocess
  insize=39646 outsize=618 ok=1
Cmd: preprocessCompute
  insize=6441 outsize=6443 ok=1
Cmd: preprocessCompute
  insize=6888 outsize=6890 ok=1
Cmd: preprocess
  insize=38692 outsize=630 ok=1
Cmd: preprocessCompute
  insize=6927 outsize=6929 ok=1
Cmd: preprocessCompute
  insize=5776 outsize=5778 ok=1
Cmd: preprocess
  insize=38789 outsize=618 ok=1
Cmd: preprocessCompute
  insize=1969 outsize=1971 ok=1
Cmd: preprocessCompute
  insize=7079 outsize=7081 ok=1
Cmd: preprocessCompute
  insize=7350 outsize=7352 ok=1
Cmd: preprocess
  insize=39646 outsize=618 ok=1
Cmd: preprocessCompute
  insize=6441 outsize=6443 ok=1
Cmd: preprocessCompute
  insize=6888 outsize=6890 ok=1
Cmd: preprocess
  insize=38692 outsize=630 ok=1
Cmd: preprocessCompute
  insize=6927 outsize=6929 ok=1
Cmd: preprocessCompute
  insize=5776 outsize=5778 ok=1
Cmd: preprocess
  insize=38789 outsize=618 ok=1
Cmd: preprocessCompute
  insize=1969 outsize=1971 ok=1
Cmd: preprocessCompute
  insize=7079 outsize=7081 ok=1
Cmd: preprocessCompute
  insize=7350 outsize=7352 ok=1
Cmd: preprocess
  insize=39646 outsize=618 ok=1
Cmd: preprocessCompute
  insize=6441 outsize=6443 ok=1
Cmd: preprocessCompute
  insize=6888 outsize=6890 ok=1
Cmd: preprocess
  insize=38692 outsize=630 ok=1
Cmd: preprocessCompute
  insize=6927 outsize=6929 ok=1
Cmd: preprocessCompute
  insize=5776 outsize=5778 ok=1
Cmd: preprocess
  insize=38789 outsize=618 ok=1
Cmd: preprocessCompute
  insize=1969 outsize=1971 ok=1
Cmd: preprocessCompute
  insize=7079 outsize=7081 ok=1
Cmd: preprocessCompute
  insize=7350 outsize=7352 ok=1
Cmd: preprocess
  insize=39646 outsize=618 ok=1
Cmd: preprocessCompute
  insize=6441 outsize=6443 ok=1
Cmd: preprocessCompute
  insize=6888 outsize=6890 ok=1
Cmd: preprocess
  insize=38692 outsize=630 ok=1
Cmd: preprocessCompute
  insize=6927 outsize=6929 ok=1
Cmd: preprocessCompute
  insize=5776 outsize=5778 ok=1
Cmd: preprocess
  insize=38789 outsize=618 ok=1
Cmd: preprocessCompute
  insize=1969 outsize=1971 ok=1
Cmd: preprocessCompute
  insize=7079 outsize=7081 ok=1
Cmd: preprocessCompute
  insize=7350 outsize=7352 ok=1
Cmd: preprocess
  insize=39646 outsize=618 ok=1
Cmd: preprocessCompute
  insize=6441 outsize=6443 ok=1
Cmd: compileComputeKernel
  api=4 insize=6443 outsize=2552 ok=1
Cmd: preprocessCompute
  insize=6856 outsize=6858 ok=1
Cmd: compileComputeKernel
  api=4 insize=6858 outsize=1807 ok=1
Cmd: preprocess
  insize=38611 outsize=617 ok=1
Cmd: preprocessCompute
  insize=6927 outsize=6929 ok=1
Cmd: preprocessCompute
  insize=5776 outsize=5778 ok=1
Cmd: preprocess
  insize=38789 outsize=618 ok=1
Cmd: preprocessCompute
  insize=7079 outsize=7081 ok=1
Cmd: preprocessCompute
  insize=7350 outsize=7352 ok=1
Cmd: preprocess
  insize=39646 outsize=618 ok=1
Cmd: preprocessCompute
  insize=6441 outsize=6443 ok=1
Cmd: preprocessCompute
  insize=6856 outsize=6858 ok=1
Cmd: preprocess
  insize=38611 outsize=617 ok=1
Cmd: preprocessCompute
  insize=6927 outsize=6929 ok=1
Cmd: preprocessCompute
  insize=5776 outsize=5778 ok=1
Cmd: preprocess
  insize=38789 outsize=618 ok=1
Cmd: preprocessCompute
  insize=7224 outsize=7226 ok=1
Cmd: preprocessCompute
  insize=6842 outsize=6844 ok=1
Cmd: preprocess
  insize=38601 outsize=618 ok=1
Cmd: preprocessCompute
  insize=7696 outsize=7698 ok=1
Cmd: preprocessCompute
  insize=6243 outsize=6245 ok=1
Cmd: preprocess
  insize=38615 outsize=618 ok=1
Cmd: preprocessCompute
  insize=7079 outsize=7081 ok=1
Cmd: preprocessCompute
  insize=7350 outsize=7352 ok=1
Cmd: preprocess
  insize=39646 outsize=618 ok=1
Cmd: preprocessCompute
  insize=6441 outsize=6443 ok=1
Cmd: preprocessCompute
  insize=6856 outsize=6858 ok=1
Cmd: preprocess
  insize=38611 outsize=617 ok=1
Cmd: preprocessCompute
  insize=6927 outsize=6929 ok=1
Cmd: preprocessCompute
  insize=5776 outsize=5778 ok=1
Cmd: preprocess
  insize=38789 outsize=618 ok=1
Cmd: preprocessCompute
  insize=7079 outsize=7081 ok=1
Cmd: preprocessCompute
  insize=7350 outsize=7352 ok=1
Cmd: preprocess
  insize=39646 outsize=618 ok=1
Cmd: preprocessCompute
  insize=6441 outsize=6443 ok=1
Cmd: preprocessCompute
  insize=6888 outsize=6890 ok=1
Cmd: preprocess
  insize=38692 outsize=630 ok=1
Cmd: preprocessCompute
  insize=6927 outsize=6929 ok=1
Cmd: preprocessCompute
  insize=5776 outsize=5778 ok=1
Cmd: preprocess
  insize=38789 outsize=618 ok=1
Cmd: preprocessCompute
  insize=1969 outsize=1971 ok=1
Cmd: preprocessCompute
  insize=7079 outsize=7081 ok=1
Cmd: preprocessCompute
  insize=7350 outsize=7352 ok=1
Cmd: preprocess
  insize=39646 outsize=618 ok=1
Cmd: preprocessCompute
  insize=6441 outsize=6443 ok=1
Cmd: preprocessCompute
  insize=6856 outsize=6858 ok=1
Cmd: preprocess
  insize=38611 outsize=617 ok=1
Cmd: preprocessCompute
  insize=6927 outsize=6929 ok=1
Cmd: preprocessCompute
  insize=5776 outsize=5778 ok=1
Cmd: preprocess
  insize=38789 outsize=618 ok=1
Cmd: preprocessCompute
  insize=7079 outsize=7081 ok=1
Cmd: preprocessCompute
  insize=7350 outsize=7352 ok=1
Cmd: preprocess
  insize=39646 outsize=618 ok=1
Cmd: preprocessCompute
  insize=6441 outsize=6443 ok=1
Cmd: preprocessCompute
  insize=6856 outsize=6858 ok=1
Cmd: preprocess
  insize=38611 outsize=617 ok=1
Cmd: preprocessCompute
  insize=6927 outsize=6929 ok=1
Cmd: preprocessCompute
  insize=5776 outsize=5778 ok=1
Cmd: preprocess
  insize=38789 outsize=618 ok=1
Cmd: preprocessCompute
  insize=7079 outsize=7081 ok=1
Cmd: preprocessCompute
  insize=7350 outsize=7352 ok=1
Cmd: preprocess
  insize=39646 outsize=618 ok=1
Cmd: preprocessCompute
  insize=6441 outsize=6443 ok=1
Cmd: preprocessCompute
  insize=6856 outsize=6858 ok=1
Cmd: preprocess
  insize=38611 outsize=617 ok=1
Cmd: preprocessCompute
  insize=6927 outsize=6929 ok=1
Cmd: preprocessCompute
  insize=5776 outsize=5778 ok=1
Cmd: preprocess
  insize=38789 outsize=618 ok=1
Cmd: preprocessCompute
  insize=7079 outsize=7081 ok=1
Cmd: preprocessCompute
  insize=7350 outsize=7352 ok=1
Cmd: preprocess
  insize=39646 outsize=618 ok=1
Cmd: preprocessCompute
  insize=6441 outsize=6443 ok=1
Cmd: preprocessCompute
  insize=6856 outsize=6858 ok=1
Cmd: preprocess
  insize=38611 outsize=617 ok=1
Cmd: preprocessCompute
  insize=6927 outsize=6929 ok=1
Cmd: preprocessCompute
  insize=5776 outsize=5778 ok=1
Cmd: preprocess
  insize=38789 outsize=618 ok=1
Cmd: preprocessCompute
  insize=7079 outsize=7081 ok=1
Cmd: preprocessCompute
  insize=7350 outsize=7352 ok=1
Cmd: preprocess
  insize=39646 outsize=618 ok=1
Cmd: preprocessCompute
  insize=6441 outsize=6443 ok=1
Cmd: preprocessCompute
  insize=6856 outsize=6858 ok=1
Cmd: preprocess
  insize=38611 outsize=617 ok=1
Cmd: preprocessCompute
  insize=6927 outsize=6929 ok=1
Cmd: preprocessCompute
  insize=5776 outsize=5778 ok=1
Cmd: preprocess
  insize=38789 outsize=618 ok=1
Cmd: preprocessCompute
  insize=7079 outsize=7081 ok=1
Cmd: preprocessCompute
  insize=7350 outsize=7352 ok=1
Cmd: preprocess
  insize=39646 outsize=618 ok=1
Cmd: preprocessCompute
  insize=6441 outsize=6443 ok=1
Cmd: preprocessCompute
  insize=6856 outsize=6858 ok=1
Cmd: preprocess
  insize=38611 outsize=617 ok=1
Cmd: preprocessCompute
  insize=6927 outsize=6929 ok=1
Cmd: preprocessCompute
  insize=5776 outsize=5778 ok=1
Cmd: preprocess
  insize=38789 outsize=618 ok=1
Cmd: preprocessCompute
  insize=7079 outsize=7081 ok=1
Cmd: preprocessCompute
  insize=7350 outsize=7352 ok=1
Cmd: preprocess
  insize=39646 outsize=618 ok=1
Cmd: preprocessCompute
  insize=6441 outsize=6443 ok=1
Cmd: preprocessCompute
  insize=6856 outsize=6858 ok=1
Cmd: preprocess
  insize=38611 outsize=617 ok=1
Cmd: preprocessCompute
  insize=6927 outsize=6929 ok=1
Cmd: preprocessCompute
  insize=5776 outsize=5778 ok=1
Cmd: preprocess
  insize=38789 outsize=618 ok=1
Cmd: preprocessCompute
  insize=7115 outsize=7117 ok=1
Cmd: compileComputeKernel
  api=4 insize=7117 outsize=2257 ok=1
Cmd: preprocessCompute
  insize=7380 outsize=7382 ok=1
Cmd: preprocess
  insize=39646 outsize=618 ok=1
Cmd: preprocessCompute
  insize=6449 outsize=6451 ok=1
Cmd: compileComputeKernel
  api=4 insize=6451 outsize=2250 ok=1
Cmd: preprocessCompute
  insize=6863 outsize=6865 ok=1
Cmd: compileComputeKernel
  api=4 insize=6865 outsize=1772 ok=1
Cmd: preprocess
  insize=38611 outsize=617 ok=1
Cmd: preprocessCompute
  insize=6945 outsize=6947 ok=1
Cmd: compileComputeKernel
  api=4 insize=6947 outsize=2346 ok=1
Cmd: preprocessCompute
  insize=5776 outsize=5778 ok=1
Cmd: preprocess
  insize=38789 outsize=618 ok=1
Cmd: preprocessCompute
  insize=7115 outsize=7117 ok=1
Cmd: preprocessCompute
  insize=7380 outsize=7382 ok=1
Cmd: preprocess
  insize=39646 outsize=618 ok=1
Cmd: preprocessCompute
  insize=6449 outsize=6451 ok=1
Cmd: preprocessCompute
  insize=6863 outsize=6865 ok=1
Cmd: preprocess
  insize=38611 outsize=617 ok=1
Cmd: preprocessCompute
  insize=6945 outsize=6947 ok=1
Cmd: preprocessCompute
  insize=5776 outsize=5778 ok=1
Cmd: preprocess
  insize=38789 outsize=618 ok=1
